[03:09:32] [main/INFO] [GradleStart]: No arguments specified, assuming client.
[03:09:32] [main/INFO] [GradleStart]: Extra: []
[03:09:32] [main/INFO] [GradleStart]: Running with arguments: [--userProperties, {}, --tweakClass, cpw.mods.fml.common.launcher.FMLTweaker, --accessToken, {REDACTED}, --assetIndex, 1.7.10, --assetsDir, C:/Users/Joshua/.gradle/caches/minecraft/assets, --version, 1.7.10]
[03:09:32] [main/INFO] [LaunchWrapper]: Loading tweak class name cpw.mods.fml.common.launcher.FMLTweaker
[03:09:32] [main/INFO] [LaunchWrapper]: Using primary tweak class name cpw.mods.fml.common.launcher.FMLTweaker
[03:09:32] [main/INFO] [LaunchWrapper]: Calling tweak class cpw.mods.fml.common.launcher.FMLTweaker
[03:28:40] [main/INFO] [GradleStart]: No arguments specified, assuming client.
[03:28:40] [main/INFO] [GradleStart]: Extra: []
[03:28:40] [main/INFO] [GradleStart]: Running with arguments: [--userProperties, {}, --tweakClass, cpw.mods.fml.common.launcher.FMLTweaker, --accessToken, {REDACTED}, --assetIndex, 1.7.10, --assetsDir, C:/Users/Joshua/.gradle/caches/minecraft/assets, --version, 1.7.10]
[03:28:40] [main/INFO] [LaunchWrapper]: Loading tweak class name cpw.mods.fml.common.launcher.FMLTweaker
[03:28:40] [main/INFO] [LaunchWrapper]: Using primary tweak class name cpw.mods.fml.common.launcher.FMLTweaker
[03:28:40] [main/INFO] [LaunchWrapper]: Calling tweak class cpw.mods.fml.common.launcher.FMLTweaker
[03:48:10] [main/INFO] [GradleStart]: No arguments specified, assuming client.
[03:48:10] [main/INFO] [GradleStart]: Extra: []
[03:48:10] [main/INFO] [GradleStart]: Running with arguments: [--userProperties, {}, --tweakClass, cpw.mods.fml.common.launcher.FMLTweaker, --accessToken, {REDACTED}, --assetIndex, 1.7.10, --assetsDir, C:/Users/Joshua/.gradle/caches/minecraft/assets, --version, 1.7.10]
[03:48:10] [main/INFO] [LaunchWrapper]: Loading tweak class name cpw.mods.fml.common.launcher.FMLTweaker
[03:48:10] [main/INFO] [LaunchWrapper]: Using primary tweak class name cpw.mods.fml.common.launcher.FMLTweaker
[03:48:10] [main/INFO] [LaunchWrapper]: Calling tweak class cpw.mods.fml.common.launcher.FMLTweaker
[03:49:52] [main/INFO] [GradleStart]: No arguments specified, assuming client.
[03:49:52] [main/INFO] [GradleStart]: Extra: []
[03:49:52] [main/INFO] [GradleStart]: Running with arguments: [--userProperties, {}, --tweakClass, cpw.mods.fml.common.launcher.FMLTweaker, --accessToken, {REDACTED}, --assetIndex, 1.7.10, --assetsDir, C:/Users/Joshua/.gradle/caches/minecraft/assets, --version, 1.7.10]
[03:49:52] [main/INFO] [LaunchWrapper]: Loading tweak class name cpw.mods.fml.common.launcher.FMLTweaker
[03:49:52] [main/INFO] [LaunchWrapper]: Using primary tweak class name cpw.mods.fml.common.launcher.FMLTweaker
[03:49:52] [main/INFO] [LaunchWrapper]: Calling tweak class cpw.mods.fml.common.launcher.FMLTweaker
[03:57:40] [main/INFO] [GradleStart]: No arguments specified, assuming client.
[03:57:40] [main/INFO] [GradleStart]: Extra: []
[03:57:40] [main/INFO] [GradleStart]: Running with arguments: [--userProperties, {}, --tweakClass, cpw.mods.fml.common.launcher.FMLTweaker, --accessToken, {REDACTED}, --assetIndex, 1.7.10, --assetsDir, C:/Users/Joshua/.gradle/caches/minecraft/assets, --version, 1.7.10]
[03:57:40] [main/INFO] [LaunchWrapper]: Loading tweak class name cpw.mods.fml.common.launcher.FMLTweaker
[03:57:40] [main/INFO] [LaunchWrapper]: Using primary tweak class name cpw.mods.fml.common.launcher.FMLTweaker
[03:57:40] [main/INFO] [LaunchWrapper]: Calling tweak class cpw.mods.fml.common.launcher.FMLTweaker
[03:58:22] [main/INFO] [GradleStart]: No arguments specified, assuming client.
[03:58:22] [main/INFO] [GradleStart]: Extra: []
[03:58:22] [main/INFO] [GradleStart]: Running with arguments: [--userProperties, {}, --tweakClass, cpw.mods.fml.common.launcher.FMLTweaker, --accessToken, {REDACTED}, --assetIndex, 1.7.10, --assetsDir, C:/Users/Joshua/.gradle/caches/minecraft/assets, --version, 1.7.10]
[03:58:22] [main/INFO] [LaunchWrapper]: Loading tweak class name cpw.mods.fml.common.launcher.FMLTweaker
[03:58:22] [main/INFO] [LaunchWrapper]: Using primary tweak class name cpw.mods.fml.common.launcher.FMLTweaker
[03:58:22] [main/INFO] [LaunchWrapper]: Calling tweak class cpw.mods.fml.common.launcher.FMLTweaker
[03:59:55] [main/INFO] [GradleStart]: No arguments specified, assuming client.
[03:59:55] [main/INFO] [GradleStart]: Extra: []
[03:59:55] [main/INFO] [GradleStart]: Running with arguments: [--userProperties, {}, --tweakClass, cpw.mods.fml.common.launcher.FMLTweaker, --accessToken, {REDACTED}, --assetIndex, 1.7.10, --assetsDir, C:/Users/Joshua/.gradle/caches/minecraft/assets, --version, 1.7.10]
[03:59:55] [main/INFO] [LaunchWrapper]: Loading tweak class name cpw.mods.fml.common.launcher.FMLTweaker
[03:59:55] [main/INFO] [LaunchWrapper]: Using primary tweak class name cpw.mods.fml.common.launcher.FMLTweaker
[03:59:55] [main/INFO] [LaunchWrapper]: Calling tweak class cpw.mods.fml.common.launcher.FMLTweaker
[15:02:46] [main/INFO] [GradleStart]: No arguments specified, assuming client.
[15:02:46] [main/INFO] [GradleStart]: Extra: []
[15:02:46] [main/INFO] [GradleStart]: Running with arguments: [--userProperties, {}, --tweakClass, cpw.mods.fml.common.launcher.FMLTweaker, --accessToken, {REDACTED}, --assetIndex, 1.7.10, --assetsDir, C:/Users/Joshua/.gradle/caches/minecraft/assets, --version, 1.7.10]
[15:02:46] [main/INFO] [LaunchWrapper]: Loading tweak class name cpw.mods.fml.common.launcher.FMLTweaker
[15:02:46] [main/INFO] [LaunchWrapper]: Using primary tweak class name cpw.mods.fml.common.launcher.FMLTweaker
[15:02:46] [main/INFO] [LaunchWrapper]: Calling tweak class cpw.mods.fml.common.launcher.FMLTweaker
[15:04:11] [main/INFO] [GradleStart]: No arguments specified, assuming client.
[15:04:12] [main/INFO] [GradleStart]: Extra: []
[15:04:12] [main/INFO] [GradleStart]: Running with arguments: [--userProperties, {}, --tweakClass, cpw.mods.fml.common.launcher.FMLTweaker, --accessToken, {REDACTED}, --assetIndex, 1.7.10, --assetsDir, C:/Users/Joshua/.gradle/caches/minecraft/assets, --version, 1.7.10]
[15:04:12] [main/INFO] [LaunchWrapper]: Loading tweak class name cpw.mods.fml.common.launcher.FMLTweaker
[15:04:12] [main/INFO] [LaunchWrapper]: Using primary tweak class name cpw.mods.fml.common.launcher.FMLTweaker
[15:04:12] [main/INFO] [LaunchWrapper]: Calling tweak class cpw.mods.fml.common.launcher.FMLTweaker
[15:06:46] [main/INFO] [GradleStart]: No arguments specified, assuming client.
[15:06:46] [main/INFO] [GradleStart]: Extra: []
[15:06:46] [main/INFO] [GradleStart]: Running with arguments: [--userProperties, {}, --tweakClass, cpw.mods.fml.common.launcher.FMLTweaker, --accessToken, {REDACTED}, --assetIndex, 1.7.10, --assetsDir, C:/Users/Joshua/.gradle/caches/minecraft/assets, --version, 1.7.10]
[15:06:46] [main/INFO] [LaunchWrapper]: Loading tweak class name cpw.mods.fml.common.launcher.FMLTweaker
[15:06:46] [main/INFO] [LaunchWrapper]: Using primary tweak class name cpw.mods.fml.common.launcher.FMLTweaker
[15:06:46] [main/INFO] [LaunchWrapper]: Calling tweak class cpw.mods.fml.common.launcher.FMLTweaker
[15:39:24] [main/INFO] [GradleStart]: No arguments specified, assuming client.
[15:39:24] [main/INFO] [GradleStart]: Extra: []
[15:39:24] [main/INFO] [GradleStart]: Running with arguments: [--userProperties, {}, --tweakClass, cpw.mods.fml.common.launcher.FMLTweaker, --accessToken, {REDACTED}, --assetIndex, 1.7.10, --assetsDir, C:/Users/Joshua/.gradle/caches/minecraft/assets, --version, 1.7.10]
[15:39:24] [main/INFO] [LaunchWrapper]: Loading tweak class name cpw.mods.fml.common.launcher.FMLTweaker
[15:39:24] [main/INFO] [LaunchWrapper]: Using primary tweak class name cpw.mods.fml.common.launcher.FMLTweaker
[15:39:24] [main/INFO] [LaunchWrapper]: Calling tweak class cpw.mods.fml.common.launcher.FMLTweaker
[18:41:50] [main/INFO] [GradleStart]: No arguments specified, assuming client.
[18:41:50] [main/INFO] [GradleStart]: Extra: []
[18:41:50] [main/INFO] [GradleStart]: Running with arguments: [--userProperties, {}, --tweakClass, cpw.mods.fml.common.launcher.FMLTweaker, --accessToken, {REDACTED}, --assetIndex, 1.7.10, --assetsDir, C:/Users/Joshua/.gradle/caches/minecraft/assets, --version, 1.7.10]
[18:41:50] [main/INFO] [LaunchWrapper]: Loading tweak class name cpw.mods.fml.common.launcher.FMLTweaker
[18:41:50] [main/INFO] [LaunchWrapper]: Using primary tweak class name cpw.mods.fml.common.launcher.FMLTweaker
[18:41:50] [main/INFO] [LaunchWrapper]: Calling tweak class cpw.mods.fml.common.launcher.FMLTweaker
[18:43:17] [main/INFO] [GradleStart]: No arguments specified, assuming client.
[18:43:17] [main/INFO] [GradleStart]: Extra: []
[18:43:17] [main/INFO] [GradleStart]: Running with arguments: [--userProperties, {}, --tweakClass, cpw.mods.fml.common.launcher.FMLTweaker, --accessToken, {REDACTED}, --assetIndex, 1.7.10, --assetsDir, C:/Users/Joshua/.gradle/caches/minecraft/assets, --version, 1.7.10]
[18:43:18] [main/INFO] [LaunchWrapper]: Loading tweak class name cpw.mods.fml.common.launcher.FMLTweaker
[18:43:18] [main/INFO] [LaunchWrapper]: Using primary tweak class name cpw.mods.fml.common.launcher.FMLTweaker
[18:43:18] [main/INFO] [LaunchWrapper]: Calling tweak class cpw.mods.fml.common.launcher.FMLTweaker
