[18:43:19] [main/INFO]: Setting user: Player437
[18:43:20] [Client thread/INFO]: LWJGL Version: 2.9.1
[18:43:23] [Client thread/INFO]: Reloading ResourceManager: Default, FMLFileResourcePack:Forge Mod Loader, FMLFileResourcePack:Minecraft Forge, FMLFileResourcePack:Learning
[18:43:23] [Sound Library Loader/INFO]: Sound engine started
[18:43:24] [Client thread/INFO]: Created: 512x256 textures/blocks-atlas
[18:43:24] [Client thread/ERROR]: Using missing texture, unable to load minecraft:textures/items/MISSING_ICON_ITEM_4096_tesla.png
java.io.FileNotFoundException: minecraft:textures/items/MISSING_ICON_ITEM_4096_tesla.png
	at net.minecraft.client.resources.FallbackResourceManager.getResource(FallbackResourceManager.java:65) ~[FallbackResourceManager.class:?]
	at net.minecraft.client.resources.SimpleReloadableResourceManager.getResource(SimpleReloadableResourceManager.java:67) ~[SimpleReloadableResourceManager.class:?]
	at net.minecraft.client.renderer.texture.TextureMap.loadTextureAtlas(TextureMap.java:126) [TextureMap.class:?]
	at net.minecraft.client.renderer.texture.TextureMap.loadTexture(TextureMap.java:91) [TextureMap.class:?]
	at net.minecraft.client.renderer.texture.TextureManager.loadTexture(TextureManager.java:89) [TextureManager.class:?]
	at net.minecraft.client.renderer.texture.TextureManager.loadTickableTexture(TextureManager.java:71) [TextureManager.class:?]
	at net.minecraft.client.renderer.texture.TextureManager.loadTextureMap(TextureManager.java:58) [TextureManager.class:?]
	at net.minecraft.client.Minecraft.startGame(Minecraft.java:583) [Minecraft.class:?]
	at net.minecraft.client.Minecraft.run(Minecraft.java:931) [Minecraft.class:?]
	at net.minecraft.client.main.Main.main(Main.java:164) [Main.class:?]
	at sun.reflect.NativeMethodAccessorImpl.invoke0(Native Method) ~[?:1.7.0_67]
	at sun.reflect.NativeMethodAccessorImpl.invoke(Unknown Source) ~[?:1.7.0_67]
	at sun.reflect.DelegatingMethodAccessorImpl.invoke(Unknown Source) ~[?:1.7.0_67]
	at java.lang.reflect.Method.invoke(Unknown Source) ~[?:1.7.0_67]
	at net.minecraft.launchwrapper.Launch.launch(Launch.java:135) [launchwrapper-1.11.jar:?]
	at net.minecraft.launchwrapper.Launch.main(Launch.java:28) [launchwrapper-1.11.jar:?]
	at sun.reflect.NativeMethodAccessorImpl.invoke0(Native Method) ~[?:1.7.0_67]
	at sun.reflect.NativeMethodAccessorImpl.invoke(Unknown Source) ~[?:1.7.0_67]
	at sun.reflect.DelegatingMethodAccessorImpl.invoke(Unknown Source) ~[?:1.7.0_67]
	at java.lang.reflect.Method.invoke(Unknown Source) ~[?:1.7.0_67]
	at GradleStart.bounce(GradleStart.java:107) [start/:?]
	at GradleStart.startClient(GradleStart.java:100) [start/:?]
	at GradleStart.main(GradleStart.java:55) [start/:?]
[18:43:24] [Client thread/INFO]: Created: 256x256 textures/items-atlas
[18:43:24] [Client thread/INFO]: Reloading ResourceManager: Default, FMLFileResourcePack:Forge Mod Loader, FMLFileResourcePack:Minecraft Forge, FMLFileResourcePack:Learning
[18:43:24] [Client thread/ERROR]: Using missing texture, unable to load minecraft:textures/items/MISSING_ICON_ITEM_4096_tesla.png
java.io.FileNotFoundException: minecraft:textures/items/MISSING_ICON_ITEM_4096_tesla.png
	at net.minecraft.client.resources.FallbackResourceManager.getResource(FallbackResourceManager.java:65) ~[FallbackResourceManager.class:?]
	at net.minecraft.client.resources.SimpleReloadableResourceManager.getResource(SimpleReloadableResourceManager.java:67) ~[SimpleReloadableResourceManager.class:?]
	at net.minecraft.client.renderer.texture.TextureMap.loadTextureAtlas(TextureMap.java:126) [TextureMap.class:?]
	at net.minecraft.client.renderer.texture.TextureMap.loadTexture(TextureMap.java:91) [TextureMap.class:?]
	at net.minecraft.client.renderer.texture.TextureManager.loadTexture(TextureManager.java:89) [TextureManager.class:?]
	at net.minecraft.client.renderer.texture.TextureManager.onResourceManagerReload(TextureManager.java:170) [TextureManager.class:?]
	at net.minecraft.client.resources.SimpleReloadableResourceManager.notifyReloadListeners(SimpleReloadableResourceManager.java:134) [SimpleReloadableResourceManager.class:?]
	at net.minecraft.client.resources.SimpleReloadableResourceManager.reloadResources(SimpleReloadableResourceManager.java:118) [SimpleReloadableResourceManager.class:?]
	at net.minecraft.client.Minecraft.refreshResources(Minecraft.java:643) [Minecraft.class:?]
	at cpw.mods.fml.client.FMLClientHandler.finishMinecraftLoading(FMLClientHandler.java:303) [FMLClientHandler.class:?]
	at net.minecraft.client.Minecraft.startGame(Minecraft.java:586) [Minecraft.class:?]
	at net.minecraft.client.Minecraft.run(Minecraft.java:931) [Minecraft.class:?]
	at net.minecraft.client.main.Main.main(Main.java:164) [Main.class:?]
	at sun.reflect.NativeMethodAccessorImpl.invoke0(Native Method) ~[?:1.7.0_67]
	at sun.reflect.NativeMethodAccessorImpl.invoke(Unknown Source) ~[?:1.7.0_67]
	at sun.reflect.DelegatingMethodAccessorImpl.invoke(Unknown Source) ~[?:1.7.0_67]
	at java.lang.reflect.Method.invoke(Unknown Source) ~[?:1.7.0_67]
	at net.minecraft.launchwrapper.Launch.launch(Launch.java:135) [launchwrapper-1.11.jar:?]
	at net.minecraft.launchwrapper.Launch.main(Launch.java:28) [launchwrapper-1.11.jar:?]
	at sun.reflect.NativeMethodAccessorImpl.invoke0(Native Method) ~[?:1.7.0_67]
	at sun.reflect.NativeMethodAccessorImpl.invoke(Unknown Source) ~[?:1.7.0_67]
	at sun.reflect.DelegatingMethodAccessorImpl.invoke(Unknown Source) ~[?:1.7.0_67]
	at java.lang.reflect.Method.invoke(Unknown Source) ~[?:1.7.0_67]
	at GradleStart.bounce(GradleStart.java:107) [start/:?]
	at GradleStart.startClient(GradleStart.java:100) [start/:?]
	at GradleStart.main(GradleStart.java:55) [start/:?]
[18:43:24] [Client thread/INFO]: Created: 256x256 textures/items-atlas
[18:43:24] [Client thread/INFO]: Created: 512x256 textures/blocks-atlas
[18:43:25] [Sound Library Loader/INFO]: Sound engine started
[18:43:27] [Server thread/INFO]: Starting integrated minecraft server version 1.7.10
[18:43:27] [Server thread/INFO]: Generating keypair
[18:43:27] [Server thread/INFO]: Preparing start region for level 0
[18:43:27] [Server thread/INFO]: Changing view distance to 12, from 10
[18:43:28] [Server thread/INFO]: Player437[local:E:3823b971] logged in with entity id 213 at (939.5, 4.0, 175.5)
[18:43:28] [Server thread/INFO]: Player437 joined the game
[18:43:29] [Server thread/INFO]: Stopping server
[18:43:29] [Server thread/INFO]: Saving players
[18:43:29] [Server thread/INFO]: Saving worlds
[18:43:29] [Server thread/INFO]: Saving chunks for level 'New World'/Overworld
[18:43:29] [Server thread/INFO]: Saving chunks for level 'New World'/Nether
[18:43:29] [Server thread/INFO]: Saving chunks for level 'New World'/The End
[18:43:29] [Client thread/FATAL]: Unreported exception thrown!
java.lang.NullPointerException
	at com.strange.learn.item.ItemL.getUnwrappedUnlocalizedName(ItemL.java:31) ~[ItemL.class:?]
	at com.strange.learn.item.ItemL.getUnlocalizedName(ItemL.java:26) ~[ItemL.class:?]
	at net.minecraft.item.Item.getUnlocalizedNameInefficiently(Item.java:607) ~[Item.class:?]
	at net.minecraft.item.Item.getItemStackDisplayName(Item.java:744) ~[Item.class:?]
	at net.minecraft.item.ItemStack.getDisplayName(ItemStack.java:536) ~[ItemStack.class:?]
	at net.minecraftforge.client.GuiIngameForge.renderToolHightlight(GuiIngameForge.java:589) ~[GuiIngameForge.class:?]
	at net.minecraftforge.client.GuiIngameForge.renderGameOverlay(GuiIngameForge.java:157) ~[GuiIngameForge.class:?]
	at net.minecraft.client.renderer.EntityRenderer.updateCameraAndRender(EntityRenderer.java:1114) ~[EntityRenderer.class:?]
	at net.minecraft.client.Minecraft.runGameLoop(Minecraft.java:1057) ~[Minecraft.class:?]
	at net.minecraft.client.Minecraft.run(Minecraft.java:951) [Minecraft.class:?]
	at net.minecraft.client.main.Main.main(Main.java:164) [Main.class:?]
	at sun.reflect.NativeMethodAccessorImpl.invoke0(Native Method) ~[?:1.7.0_67]
	at sun.reflect.NativeMethodAccessorImpl.invoke(Unknown Source) ~[?:1.7.0_67]
	at sun.reflect.DelegatingMethodAccessorImpl.invoke(Unknown Source) ~[?:1.7.0_67]
	at java.lang.reflect.Method.invoke(Unknown Source) ~[?:1.7.0_67]
	at net.minecraft.launchwrapper.Launch.launch(Launch.java:135) [launchwrapper-1.11.jar:?]
	at net.minecraft.launchwrapper.Launch.main(Launch.java:28) [launchwrapper-1.11.jar:?]
	at sun.reflect.NativeMethodAccessorImpl.invoke0(Native Method) ~[?:1.7.0_67]
	at sun.reflect.NativeMethodAccessorImpl.invoke(Unknown Source) ~[?:1.7.0_67]
	at sun.reflect.DelegatingMethodAccessorImpl.invoke(Unknown Source) ~[?:1.7.0_67]
	at java.lang.reflect.Method.invoke(Unknown Source) ~[?:1.7.0_67]
	at GradleStart.bounce(GradleStart.java:107) [start/:?]
	at GradleStart.startClient(GradleStart.java:100) [start/:?]
	at GradleStart.main(GradleStart.java:55) [start/:?]
